#! /c/Source/iverilog-install/bin/vvp
:ivl_version "12.0 (devel)" "(s20150603-1539-g2693dd32b)";
:ivl_delay_selection "TYPICAL";
:vpi_time_precision - 12;
:vpi_module "C:\iverilog\lib\ivl\system.vpi";
:vpi_module "C:\iverilog\lib\ivl\vhdl_sys.vpi";
:vpi_module "C:\iverilog\lib\ivl\vhdl_textio.vpi";
:vpi_module "C:\iverilog\lib\ivl\v2005_math.vpi";
:vpi_module "C:\iverilog\lib\ivl\va_math.vpi";
S_000001ea8395ac20 .scope module, "stimulus" "stimulus" 2 3;
 .timescale -9 -12;
v000001ea839b5e10_0 .var "Cin", 0 0;
v000001ea839b5eb0_0 .var "c0", 31 0;
v000001ea839b6090_0 .var "c1", 15 0;
v000001ea839b76a0_0 .var "c2", 15 0;
v000001ea839b7ce0_0 .var "c3", 15 0;
v000001ea839b67a0_0 .var "f0", 15 0;
v000001ea839b6de0_0 .var "f1", 15 0;
v000001ea839b7b00_0 .var "f2", 15 0;
v000001ea839b6fc0_0 .net "y", 31 0, L_000001ea83941630;  1 drivers
S_000001ea8394d040 .scope module, "uut" "Regression_nV_py" 2 18, 3 35 0, S_000001ea8395ac20;
 .timescale 0 0;
    .port_info 0 /INPUT 32 "c0";
    .port_info 1 /INPUT 16 "c1";
    .port_info 2 /INPUT 16 "f0";
    .port_info 3 /INPUT 16 "c2";
    .port_info 4 /INPUT 16 "f1";
    .port_info 5 /INPUT 16 "c3";
    .port_info 6 /INPUT 16 "f2";
    .port_info 7 /INPUT 1 "Cin";
    .port_info 8 /OUTPUT 32 "y";
L_000001ea83941630 .functor BUFZ 32, L_000001ea839b8140, C4<00000000000000000000000000000000>, C4<00000000000000000000000000000000>, C4<00000000000000000000000000000000>;
v000001ea839b6590_0 .net "Cin", 0 0, v000001ea839b5e10_0;  1 drivers
v000001ea839b5f50_0 .net "Cout0", 0 0, L_000001ea839b79c0;  1 drivers
v000001ea839b4ab0_0 .net "Cout1", 0 0, L_000001ea839b6980;  1 drivers
v000001ea839b5d70_0 .net "Cout2", 0 0, L_000001ea839b7880;  1 drivers
v000001ea839b4b50_0 .net "c0", 31 0, v000001ea839b5eb0_0;  1 drivers
v000001ea839b6310_0 .net "c1", 15 0, v000001ea839b6090_0;  1 drivers
v000001ea839b5050_0 .net "c2", 15 0, v000001ea839b76a0_0;  1 drivers
v000001ea839b4790_0 .net "c3", 15 0, v000001ea839b7ce0_0;  1 drivers
v000001ea839b4d30_0 .net "f0", 15 0, v000001ea839b67a0_0;  1 drivers
v000001ea839b50f0_0 .net "f1", 15 0, v000001ea839b6de0_0;  1 drivers
v000001ea839b54b0_0 .net "f2", 15 0, v000001ea839b7b00_0;  1 drivers
v000001ea839b5a50_0 .net "r_add0", 31 0, L_000001ea839b7ec0;  1 drivers
v000001ea839b5ff0_0 .net "r_add1", 31 0, L_000001ea839b7c40;  1 drivers
v000001ea839b5410_0 .net "r_add2", 31 0, L_000001ea839b8140;  1 drivers
v000001ea839b5b90_0 .net "r_mul0", 31 0, v000001ea8395a140_0;  1 drivers
v000001ea839b5190_0 .net "r_mul1", 31 0, v000001ea8395a0a0_0;  1 drivers
v000001ea839b5550_0 .net "r_mul2", 31 0, v000001ea839b4fb0_0;  1 drivers
v000001ea839b55f0_0 .net "y", 31 0, L_000001ea83941630;  alias, 1 drivers
S_000001ea8394d1d0 .scope module, "mod1" "mult8bit" 3 61, 3 18 0, S_000001ea8394d040;
 .timescale 0 0;
    .port_info 0 /INPUT 16 "A";
    .port_info 1 /INPUT 16 "B";
    .port_info 2 /OUTPUT 32 "P";
v000001ea83959740_0 .net "A", 15 0, v000001ea839b67a0_0;  alias, 1 drivers
v000001ea839599c0_0 .net "B", 15 0, v000001ea839b6090_0;  alias, 1 drivers
v000001ea8395a140_0 .var "P", 31 0;
v000001ea8395a000_0 .var/i "i", 31 0;
E_000001ea83956520 .event anyedge, v000001ea839599c0_0, v000001ea8395a140_0, v000001ea83959740_0;
S_000001ea838be2c0 .scope module, "mod2" "adder8bit" 3 62, 3 2 0, S_000001ea8394d040;
 .timescale 0 0;
    .port_info 0 /INPUT 32 "A";
    .port_info 1 /INPUT 32 "B";
    .port_info 2 /INPUT 1 "Cin";
    .port_info 3 /OUTPUT 32 "Sum";
    .port_info 4 /OUTPUT 1 "Cout";
v000001ea83959ce0_0 .net "A", 31 0, v000001ea839b5eb0_0;  alias, 1 drivers
v000001ea83959a60_0 .net "B", 31 0, v000001ea8395a140_0;  alias, 1 drivers
v000001ea83959d80_0 .net "Cin", 0 0, v000001ea839b5e10_0;  alias, 1 drivers
v000001ea8395a1e0_0 .net "Cout", 0 0, L_000001ea839b79c0;  alias, 1 drivers
v000001ea8395a320_0 .net "Sum", 31 0, L_000001ea839b7ec0;  alias, 1 drivers
v000001ea8395a280_0 .net *"_ivl_0", 32 0, L_000001ea839b8500;  1 drivers
v000001ea8395a500_0 .net *"_ivl_10", 32 0, L_000001ea839b7e20;  1 drivers
L_000001ea83a00118 .functor BUFT 1, C4<00000000000000000000000000000000>, C4<0>, C4<0>, C4<0>;
v000001ea8395a640_0 .net *"_ivl_13", 31 0, L_000001ea83a00118;  1 drivers
L_000001ea83a00088 .functor BUFT 1, C4<0>, C4<0>, C4<0>, C4<0>;
v000001ea83959b00_0 .net *"_ivl_3", 0 0, L_000001ea83a00088;  1 drivers
v000001ea8395a3c0_0 .net *"_ivl_4", 32 0, L_000001ea839b6c00;  1 drivers
L_000001ea83a000d0 .functor BUFT 1, C4<0>, C4<0>, C4<0>, C4<0>;
v000001ea83959880_0 .net *"_ivl_7", 0 0, L_000001ea83a000d0;  1 drivers
v000001ea839597e0_0 .net *"_ivl_8", 32 0, L_000001ea839b7ba0;  1 drivers
v000001ea8395a460_0 .net "temp_sum", 32 0, L_000001ea839b6700;  1 drivers
L_000001ea839b8500 .concat [ 32 1 0 0], v000001ea839b5eb0_0, L_000001ea83a00088;
L_000001ea839b6c00 .concat [ 32 1 0 0], v000001ea8395a140_0, L_000001ea83a000d0;
L_000001ea839b7ba0 .arith/sum 33, L_000001ea839b8500, L_000001ea839b6c00;
L_000001ea839b7e20 .concat [ 1 32 0 0], v000001ea839b5e10_0, L_000001ea83a00118;
L_000001ea839b6700 .arith/sum 33, L_000001ea839b7ba0, L_000001ea839b7e20;
L_000001ea839b7ec0 .part L_000001ea839b6700, 0, 32;
L_000001ea839b79c0 .part L_000001ea839b6700, 32, 1;
S_000001ea838be450 .scope module, "mod3" "mult8bit" 3 63, 3 18 0, S_000001ea8394d040;
 .timescale 0 0;
    .port_info 0 /INPUT 16 "A";
    .port_info 1 /INPUT 16 "B";
    .port_info 2 /OUTPUT 32 "P";
v000001ea83959f60_0 .net "A", 15 0, v000001ea839b6de0_0;  alias, 1 drivers
v000001ea83959ba0_0 .net "B", 15 0, v000001ea839b76a0_0;  alias, 1 drivers
v000001ea8395a0a0_0 .var "P", 31 0;
v000001ea83959e20_0 .var/i "i", 31 0;
E_000001ea83956860 .event anyedge, v000001ea83959ba0_0, v000001ea8395a0a0_0, v000001ea83959f60_0;
S_000001ea838b6700 .scope module, "mod4" "adder8bit" 3 64, 3 2 0, S_000001ea8394d040;
 .timescale 0 0;
    .port_info 0 /INPUT 32 "A";
    .port_info 1 /INPUT 32 "B";
    .port_info 2 /INPUT 1 "Cin";
    .port_info 3 /OUTPUT 32 "Sum";
    .port_info 4 /OUTPUT 1 "Cout";
v000001ea83959ec0_0 .net "A", 31 0, L_000001ea839b7ec0;  alias, 1 drivers
v000001ea839b5690_0 .net "B", 31 0, v000001ea8395a0a0_0;  alias, 1 drivers
v000001ea839b52d0_0 .net "Cin", 0 0, L_000001ea839b79c0;  alias, 1 drivers
v000001ea839b4970_0 .net "Cout", 0 0, L_000001ea839b6980;  alias, 1 drivers
v000001ea839b5cd0_0 .net "Sum", 31 0, L_000001ea839b7c40;  alias, 1 drivers
v000001ea839b4e70_0 .net *"_ivl_0", 32 0, L_000001ea839b7740;  1 drivers
v000001ea839b59b0_0 .net *"_ivl_10", 32 0, L_000001ea839b7100;  1 drivers
L_000001ea83a001f0 .functor BUFT 1, C4<00000000000000000000000000000000>, C4<0>, C4<0>, C4<0>;
v000001ea839b6130_0 .net *"_ivl_13", 31 0, L_000001ea83a001f0;  1 drivers
L_000001ea83a00160 .functor BUFT 1, C4<0>, C4<0>, C4<0>, C4<0>;
v000001ea839b5370_0 .net *"_ivl_3", 0 0, L_000001ea83a00160;  1 drivers
v000001ea839b63b0_0 .net *"_ivl_4", 32 0, L_000001ea839b6840;  1 drivers
L_000001ea83a001a8 .functor BUFT 1, C4<0>, C4<0>, C4<0>, C4<0>;
v000001ea839b4830_0 .net *"_ivl_7", 0 0, L_000001ea83a001a8;  1 drivers
v000001ea839b57d0_0 .net *"_ivl_8", 32 0, L_000001ea839b77e0;  1 drivers
v000001ea839b6450_0 .net "temp_sum", 32 0, L_000001ea839b71a0;  1 drivers
L_000001ea839b7740 .concat [ 32 1 0 0], L_000001ea839b7ec0, L_000001ea83a00160;
L_000001ea839b6840 .concat [ 32 1 0 0], v000001ea8395a0a0_0, L_000001ea83a001a8;
L_000001ea839b77e0 .arith/sum 33, L_000001ea839b7740, L_000001ea839b6840;
L_000001ea839b7100 .concat [ 1 32 0 0], L_000001ea839b79c0, L_000001ea83a001f0;
L_000001ea839b71a0 .arith/sum 33, L_000001ea839b77e0, L_000001ea839b7100;
L_000001ea839b7c40 .part L_000001ea839b71a0, 0, 32;
L_000001ea839b6980 .part L_000001ea839b71a0, 32, 1;
S_000001ea838b6890 .scope module, "mod5" "mult8bit" 3 65, 3 18 0, S_000001ea8394d040;
 .timescale 0 0;
    .port_info 0 /INPUT 16 "A";
    .port_info 1 /INPUT 16 "B";
    .port_info 2 /OUTPUT 32 "P";
v000001ea839b5230_0 .net "A", 15 0, v000001ea839b7b00_0;  alias, 1 drivers
v000001ea839b4a10_0 .net "B", 15 0, v000001ea839b7ce0_0;  alias, 1 drivers
v000001ea839b4fb0_0 .var "P", 31 0;
v000001ea839b61d0_0 .var/i "i", 31 0;
E_000001ea839562e0 .event anyedge, v000001ea839b4a10_0, v000001ea839b4fb0_0, v000001ea839b5230_0;
S_000001ea838b6a20 .scope module, "mod6" "adder8bit" 3 66, 3 2 0, S_000001ea8394d040;
 .timescale 0 0;
    .port_info 0 /INPUT 32 "A";
    .port_info 1 /INPUT 32 "B";
    .port_info 2 /INPUT 1 "Cin";
    .port_info 3 /OUTPUT 32 "Sum";
    .port_info 4 /OUTPUT 1 "Cout";
v000001ea839b5af0_0 .net "A", 31 0, L_000001ea839b7c40;  alias, 1 drivers
v000001ea839b48d0_0 .net "B", 31 0, v000001ea839b4fb0_0;  alias, 1 drivers
v000001ea839b4bf0_0 .net "Cin", 0 0, L_000001ea839b6980;  alias, 1 drivers
v000001ea839b46f0_0 .net "Cout", 0 0, L_000001ea839b7880;  alias, 1 drivers
v000001ea839b64f0_0 .net "Sum", 31 0, L_000001ea839b8140;  alias, 1 drivers
v000001ea839b4dd0_0 .net *"_ivl_0", 32 0, L_000001ea839b68e0;  1 drivers
v000001ea839b5730_0 .net *"_ivl_10", 32 0, L_000001ea839b7f60;  1 drivers
L_000001ea83a002c8 .functor BUFT 1, C4<00000000000000000000000000000000>, C4<0>, C4<0>, C4<0>;
v000001ea839b6270_0 .net *"_ivl_13", 31 0, L_000001ea83a002c8;  1 drivers
L_000001ea83a00238 .functor BUFT 1, C4<0>, C4<0>, C4<0>, C4<0>;
v000001ea839b5910_0 .net *"_ivl_3", 0 0, L_000001ea83a00238;  1 drivers
v000001ea839b5c30_0 .net *"_ivl_4", 32 0, L_000001ea839b6ac0;  1 drivers
L_000001ea83a00280 .functor BUFT 1, C4<0>, C4<0>, C4<0>, C4<0>;
v000001ea839b4c90_0 .net *"_ivl_7", 0 0, L_000001ea83a00280;  1 drivers
v000001ea839b4f10_0 .net *"_ivl_8", 32 0, L_000001ea839b7d80;  1 drivers
v000001ea839b5870_0 .net "temp_sum", 32 0, L_000001ea839b8460;  1 drivers
L_000001ea839b68e0 .concat [ 32 1 0 0], L_000001ea839b7c40, L_000001ea83a00238;
L_000001ea839b6ac0 .concat [ 32 1 0 0], v000001ea839b4fb0_0, L_000001ea83a00280;
L_000001ea839b7d80 .arith/sum 33, L_000001ea839b68e0, L_000001ea839b6ac0;
L_000001ea839b7f60 .concat [ 1 32 0 0], L_000001ea839b6980, L_000001ea83a002c8;
L_000001ea839b8460 .arith/sum 33, L_000001ea839b7d80, L_000001ea839b7f60;
L_000001ea839b8140 .part L_000001ea839b8460, 0, 32;
L_000001ea839b7880 .part L_000001ea839b8460, 32, 1;
    .scope S_000001ea8394d1d0;
T_0 ;
    %wait E_000001ea83956520;
    %pushi/vec4 0, 0, 32;
    %store/vec4 v000001ea8395a140_0, 0, 32;
    %pushi/vec4 0, 0, 32;
    %store/vec4 v000001ea8395a000_0, 0, 32;
T_0.0 ;
    %load/vec4 v000001ea8395a000_0;
    %cmpi/s 16, 0, 32;
    %jmp/0xz T_0.1, 5;
    %load/vec4 v000001ea839599c0_0;
    %load/vec4 v000001ea8395a000_0;
    %part/s 1;
    %pad/u 32;
    %cmpi/e 1, 0, 32;
    %jmp/0xz  T_0.2, 4;
    %load/vec4 v000001ea8395a140_0;
    %load/vec4 v000001ea83959740_0;
    %pad/u 32;
    %load/vec4 v000001ea8395a000_0;
    %ix/vec4 4;
    %shiftl 4;
    %add;
    %store/vec4 v000001ea8395a140_0, 0, 32;
T_0.2 ;
    %load/vec4 v000001ea8395a000_0;
    %addi 1, 0, 32;
    %store/vec4 v000001ea8395a000_0, 0, 32;
    %jmp T_0.0;
T_0.1 ;
    %jmp T_0;
    .thread T_0, $push;
    .scope S_000001ea838be450;
T_1 ;
    %wait E_000001ea83956860;
    %pushi/vec4 0, 0, 32;
    %store/vec4 v000001ea8395a0a0_0, 0, 32;
    %pushi/vec4 0, 0, 32;
    %store/vec4 v000001ea83959e20_0, 0, 32;
T_1.0 ;
    %load/vec4 v000001ea83959e20_0;
    %cmpi/s 16, 0, 32;
    %jmp/0xz T_1.1, 5;
    %load/vec4 v000001ea83959ba0_0;
    %load/vec4 v000001ea83959e20_0;
    %part/s 1;
    %pad/u 32;
    %cmpi/e 1, 0, 32;
    %jmp/0xz  T_1.2, 4;
    %load/vec4 v000001ea8395a0a0_0;
    %load/vec4 v000001ea83959f60_0;
    %pad/u 32;
    %load/vec4 v000001ea83959e20_0;
    %ix/vec4 4;
    %shiftl 4;
    %add;
    %store/vec4 v000001ea8395a0a0_0, 0, 32;
T_1.2 ;
    %load/vec4 v000001ea83959e20_0;
    %addi 1, 0, 32;
    %store/vec4 v000001ea83959e20_0, 0, 32;
    %jmp T_1.0;
T_1.1 ;
    %jmp T_1;
    .thread T_1, $push;
    .scope S_000001ea838b6890;
T_2 ;
    %wait E_000001ea839562e0;
    %pushi/vec4 0, 0, 32;
    %store/vec4 v000001ea839b4fb0_0, 0, 32;
    %pushi/vec4 0, 0, 32;
    %store/vec4 v000001ea839b61d0_0, 0, 32;
T_2.0 ;
    %load/vec4 v000001ea839b61d0_0;
    %cmpi/s 16, 0, 32;
    %jmp/0xz T_2.1, 5;
    %load/vec4 v000001ea839b4a10_0;
    %load/vec4 v000001ea839b61d0_0;
    %part/s 1;
    %pad/u 32;
    %cmpi/e 1, 0, 32;
    %jmp/0xz  T_2.2, 4;
    %load/vec4 v000001ea839b4fb0_0;
    %load/vec4 v000001ea839b5230_0;
    %pad/u 32;
    %load/vec4 v000001ea839b61d0_0;
    %ix/vec4 4;
    %shiftl 4;
    %add;
    %store/vec4 v000001ea839b4fb0_0, 0, 32;
T_2.2 ;
    %load/vec4 v000001ea839b61d0_0;
    %addi 1, 0, 32;
    %store/vec4 v000001ea839b61d0_0, 0, 32;
    %jmp T_2.0;
T_2.1 ;
    %jmp T_2;
    .thread T_2, $push;
    .scope S_000001ea8395ac20;
T_3 ;
    %vpi_call 2 31 "$dumpfile", "test_Transpiler_py.vcd" {0 0 0};
    %vpi_call 2 32 "$dumpvars", 32'sb00000000000000000000000000000000, S_000001ea8395ac20 {0 0 0};
    %pushi/vec4 0, 0, 32;
    %store/vec4 v000001ea839b5eb0_0, 0, 32;
    %pushi/vec4 0, 0, 16;
    %store/vec4 v000001ea839b67a0_0, 0, 16;
    %pushi/vec4 0, 0, 16;
    %store/vec4 v000001ea839b6090_0, 0, 16;
    %pushi/vec4 0, 0, 16;
    %store/vec4 v000001ea839b6de0_0, 0, 16;
    %pushi/vec4 0, 0, 16;
    %store/vec4 v000001ea839b76a0_0, 0, 16;
    %pushi/vec4 0, 0, 16;
    %store/vec4 v000001ea839b7b00_0, 0, 16;
    %pushi/vec4 0, 0, 16;
    %store/vec4 v000001ea839b7ce0_0, 0, 16;
    %pushi/vec4 0, 0, 1;
    %store/vec4 v000001ea839b5e10_0, 0, 1;
    %delay 20000, 0;
    %pushi/vec4 2, 0, 32;
    %store/vec4 v000001ea839b5eb0_0, 0, 32;
    %pushi/vec4 3, 0, 16;
    %store/vec4 v000001ea839b6090_0, 0, 16;
    %pushi/vec4 1, 0, 16;
    %store/vec4 v000001ea839b67a0_0, 0, 16;
    %pushi/vec4 4, 0, 16;
    %store/vec4 v000001ea839b76a0_0, 0, 16;
    %pushi/vec4 1, 0, 16;
    %store/vec4 v000001ea839b6de0_0, 0, 16;
    %pushi/vec4 5, 0, 16;
    %store/vec4 v000001ea839b7ce0_0, 0, 16;
    %pushi/vec4 1, 0, 16;
    %store/vec4 v000001ea839b7b00_0, 0, 16;
    %end;
    .thread T_3;
    .scope S_000001ea8395ac20;
T_4 ;
    %vpi_call 2 53 "$monitor", "c0=%d,f0=%d, c1=%df1=%d, c2=%df2=%d, c3=%dresult=%d", v000001ea839b5eb0_0, v000001ea839b6090_0, v000001ea839b67a0_0, v000001ea839b76a0_0, v000001ea839b6de0_0, v000001ea839b7ce0_0, v000001ea839b7b00_0, v000001ea839b6fc0_0 {0 0 0};
    %end;
    .thread T_4;
# The file index is used to find the file name in the following table.
:file_names 4;
    "N/A";
    "<interactive>";
    "Regression_nV_py_test.v";
    "Regression_nV_py.v";
